<?xml version="1.0" encoding="UTF-8"?>
<!-- Generated by org.testng.reporters.JUnitXMLReporter -->
<testsuite ignored="25" hostname="DESKTOP-URDLST5" failures="2" tests="4" name="Test(failed)" time="58.182" errors="0" timestamp="2022-10-22T01:28:13 IST">
  <testcase classname="TestCases.CompletePageTest" name="verifyLogoutDisplayTest" time="4.073"/>
  <testcase classname="TestCases.CompletePageTest" name="verifyAllItemDisplayTest" time="5.271">
    <failure type="java.lang.AssertionError" message="expected [true] but found [false]">
      <![CDATA[java.lang.AssertionError: expected [true] but found [false]
at TestCases.CompletePageTest.verifyAllItemDisplayTest(CompletePageTest.java:156)
at java.base/java.util.ArrayList.forEach(ArrayList.java:1511)
... Removed 31 stack frames]]>
    </failure>
  </testcase> <!-- verifyAllItemDisplayTest -->
  <testcase classname="TestCases.YourInfoPageTest" name="crossBtnTest" time="2.662">
    <failure type="org.openqa.selenium.ElementClickInterceptedException" message="element click intercepted: Element &amp;lt;button id=&amp;quot;react-burger-cross-btn&amp;quot; tabindex=&amp;quot;0&amp;quot; style=&amp;quot;position: absolute; left: 0px; top: 0px; z-index: 1; width: 100%; height: 100%; margin: 0px; padding: 0px; border: none; font-size: 0px; background: transparent; cursor: pointer;&amp;quot;&amp;gt;...&amp;lt;/button&amp;gt; is not clickable at point (202, 28). Other element would receive the click: &amp;lt;div class=&amp;quot;bm-menu&amp;quot; style=&amp;quot;height: 100%; box-sizing: border-box; overflow: auto;&amp;quot;&amp;gt;...&amp;lt;/div&amp;gt;
  (Session info: chrome=106.0.5249.119)
Build info: version: &amp;apos;4.0.0&amp;apos;, revision: &amp;apos;3a21814679&amp;apos;
System info: host: &amp;apos;DESKTOP-URDLST5&amp;apos;, ip: &amp;apos;192.168.1.4&amp;apos;, os.name: &amp;apos;Windows 10&amp;apos;, os.arch: &amp;apos;amd64&amp;apos;, os.version: &amp;apos;10.0&amp;apos;, java.version: &amp;apos;18.0.2.1&amp;apos;
Driver info: org.openqa.selenium.chrome.ChromeDriver
Command: [8d89c810de990768e8a9da4871fd1f86, clickElement {id=a484309f-4d93-47ab-94a5-6d21e5fd701a}]
Capabilities {acceptInsecureCerts: false, browserName: chrome, browserVersion: 106.0.5249.119, chrome: {chromedriverVersion: 106.0.5249.61 (511755355844..., userDataDir: C:\Users\SHITAL\AppData\Loc...}, goog:chromeOptions: {debuggerAddress: localhost:49876}, javascriptEnabled: true, networkConnectionEnabled: false, pageLoadStrategy: normal, platform: WINDOWS, platformName: WINDOWS, proxy: Proxy(), se:cdp: ws://localhost:49876/devtoo..., se:cdpVersion: 106.0.5249.119, setWindowRect: true, strictFileInteractability: false, timeouts: {implicit: 0, pageLoad: 300000, script: 30000}, unhandledPromptBehavior: dismiss and notify, webauthn:extension:credBlob: true, webauthn:extension:largeBlob: true, webauthn:virtualAuthenticators: true}
Element: [[ChromeDriver: chrome on WINDOWS (8d89c810de990768e8a9da4871fd1f86)] -&amp;gt; xpath: //button[@id=&amp;apos;react-burger-cross-btn&amp;apos;]]
Session ID: 8d89c810de990768e8a9da4871fd1f86">
      <![CDATA[org.openqa.selenium.ElementClickInterceptedException: element click intercepted: Element <button id="react-burger-cross-btn" tabindex="0" style="position: absolute; left: 0px; top: 0px; z-index: 1; width: 100%; height: 100%; margin: 0px; padding: 0px; border: none; font-size: 0px; background: transparent; cursor: pointer;">...</button> is not clickable at point (202, 28). Other element would receive the click: <div class="bm-menu" style="height: 100%; box-sizing: border-box; overflow: auto;">...</div>
  (Session info: chrome=106.0.5249.119)
Build info: version: '4.0.0', revision: '3a21814679'
System info: host: 'DESKTOP-URDLST5', ip: '192.168.1.4', os.name: 'Windows 10', os.arch: 'amd64', os.version: '10.0', java.version: '18.0.2.1'
Driver info: org.openqa.selenium.chrome.ChromeDriver
Command: [8d89c810de990768e8a9da4871fd1f86, clickElement {id=a484309f-4d93-47ab-94a5-6d21e5fd701a}]
Capabilities {acceptInsecureCerts: false, browserName: chrome, browserVersion: 106.0.5249.119, chrome: {chromedriverVersion: 106.0.5249.61 (511755355844..., userDataDir: C:\Users\SHITAL\AppData\Loc...}, goog:chromeOptions: {debuggerAddress: localhost:49876}, javascriptEnabled: true, networkConnectionEnabled: false, pageLoadStrategy: normal, platform: WINDOWS, platformName: WINDOWS, proxy: Proxy(), se:cdp: ws://localhost:49876/devtoo..., se:cdpVersion: 106.0.5249.119, setWindowRect: true, strictFileInteractability: false, timeouts: {implicit: 0, pageLoad: 300000, script: 30000}, unhandledPromptBehavior: dismiss and notify, webauthn:extension:credBlob: true, webauthn:extension:largeBlob: true, webauthn:virtualAuthenticators: true}
Element: [[ChromeDriver: chrome on WINDOWS (8d89c810de990768e8a9da4871fd1f86)] -> xpath: //button[@id='react-burger-cross-btn']]
Session ID: 8d89c810de990768e8a9da4871fd1f86
at org.openqa.selenium.remote.codec.w3c.W3CHttpResponseCodec.createException(W3CHttpResponseCodec.java:200)
at org.openqa.selenium.remote.codec.w3c.W3CHttpResponseCodec.decode(W3CHttpResponseCodec.java:133)
at org.openqa.selenium.remote.codec.w3c.W3CHttpResponseCodec.decode(W3CHttpResponseCodec.java:53)
at org.openqa.selenium.remote.HttpCommandExecutor.execute(HttpCommandExecutor.java:184)
at org.openqa.selenium.remote.service.DriverCommandExecutor.invokeExecute(DriverCommandExecutor.java:164)
at org.openqa.selenium.remote.service.DriverCommandExecutor.execute(DriverCommandExecutor.java:139)
at org.openqa.selenium.remote.RemoteWebDriver.execute(RemoteWebDriver.java:559)
at org.openqa.selenium.remote.RemoteWebElement.execute(RemoteWebElement.java:251)
at org.openqa.selenium.remote.RemoteWebElement.click(RemoteWebElement.java:77)
at org.openqa.selenium.support.pagefactory.internal.LocatingElementHandler.invoke(LocatingElementHandler.java:52)
at jdk.proxy2/jdk.proxy2.$Proxy16.click(Unknown Source)
at Pages.YourInfoPage.crossBtn(YourInfoPage.java:83)
at TestCases.YourInfoPageTest.crossBtnTest(YourInfoPageTest.java:128)
at java.base/java.util.ArrayList.forEach(ArrayList.java:1511)
... Removed 30 stack frames]]>
    </failure>
  </testcase> <!-- crossBtnTest -->
  <testcase classname="TestCases.YourInfoPageTest" name="verifyAboutTextTest" time="1.733"/>
  <testcase classname="TestCases.CompletePageTest" name="verifyAboutTextTest" time="0.0">
    <ignored/>
  </testcase> <!-- verifyAboutTextTest -->
  <testcase classname="TestCases.CompletePageTest" name="verifyAboutDisplayTest" time="0.0">
    <ignored/>
  </testcase> <!-- verifyAboutDisplayTest -->
  <testcase classname="TestCases.YourInfoPageTest" name="verifyLogoutTextTest" time="0.0">
    <ignored/>
  </testcase> <!-- verifyLogoutTextTest -->
  <testcase classname="TestCases.CompletePageTest" name="verifyThankYouTextTest" time="0.0">
    <ignored/>
  </testcase> <!-- verifyThankYouTextTest -->
  <testcase classname="TestCases.YourInfoPageTest" name="verifyUserInfoTest" time="0.0">
    <ignored/>
  </testcase> <!-- verifyUserInfoTest -->
  <testcase classname="TestCases.YourInfoPageTest" name="continueBtnTest" time="0.0">
    <ignored/>
  </testcase> <!-- continueBtnTest -->
  <testcase classname="TestCases.CompletePageTest" name="verifyBackHomeEnableTest" time="0.0">
    <ignored/>
  </testcase> <!-- verifyBackHomeEnableTest -->
  <testcase classname="TestCases.CompletePageTest" name="verifyLogoutTextTest" time="0.0">
    <ignored/>
  </testcase> <!-- verifyLogoutTextTest -->
  <testcase classname="TestCases.YourInfoPageTest" name="cancelbtnTest" time="0.0">
    <ignored/>
  </testcase> <!-- cancelbtnTest -->
  <testcase classname="TestCases.YourInfoPageTest" name="menuBtnTest" time="0.0">
    <ignored/>
  </testcase> <!-- menuBtnTest -->
  <testcase classname="TestCases.CompletePageTest" name="verifyCrossIconTest" time="0.0">
    <ignored/>
  </testcase> <!-- verifyCrossIconTest -->
  <testcase classname="TestCases.CompletePageTest" name="verifyBackHomeBtnTest" time="0.0">
    <ignored/>
  </testcase> <!-- verifyBackHomeBtnTest -->
  <testcase classname="TestCases.CompletePageTest" name="verifyMenuBtnTest" time="0.0">
    <ignored/>
  </testcase> <!-- verifyMenuBtnTest -->
  <testcase classname="TestCases.CompletePageTest" name="verifyDispatchTextTest" time="0.0">
    <ignored/>
  </testcase> <!-- verifyDispatchTextTest -->
  <testcase classname="TestCases.YourInfoPageTest" name="verifyAllItemTextTest" time="0.0">
    <ignored/>
  </testcase> <!-- verifyAllItemTextTest -->
  <testcase classname="TestCases.YourInfoPageTest" name="verifyResetTextTest" time="0.0">
    <ignored/>
  </testcase> <!-- verifyResetTextTest -->
  <testcase classname="TestCases.CompletePageTest" name="verifyPonyLogoTest" time="0.0">
    <ignored/>
  </testcase> <!-- verifyPonyLogoTest -->
  <testcase classname="TestCases.CompletePageTest" name="verifyAppLogoTest" time="0.0">
    <ignored/>
  </testcase> <!-- verifyAppLogoTest -->
  <testcase classname="TestCases.CompletePageTest" name="verifyAllItemTextTest" time="0.0">
    <ignored/>
  </testcase> <!-- verifyAllItemTextTest -->
  <testcase classname="TestCases.CompletePageTest" name="verifyMenuBtnEnableTest" time="0.0">
    <ignored/>
  </testcase> <!-- verifyMenuBtnEnableTest -->
  <testcase classname="TestCases.CompletePageTest" name="verifyCrossIconDisplayTest" time="0.0">
    <ignored/>
  </testcase> <!-- verifyCrossIconDisplayTest -->
  <testcase classname="TestCases.CompletePageTest" name="verifyResetAppTextTest" time="0.0">
    <ignored/>
  </testcase> <!-- verifyResetAppTextTest -->
  <testcase classname="TestCases.CompletePageTest" name="verifyResetAppDisplayTest" time="0.0">
    <ignored/>
  </testcase> <!-- verifyResetAppDisplayTest -->
  <testcase classname="TestCases.CompletePageTest" name="verifyCheckoutTextTest" time="0.0">
    <ignored/>
  </testcase> <!-- verifyCheckoutTextTest -->
  <testcase classname="TestCases.YourInfoPageTest" name="checkoutLabelTest" time="0.0">
    <ignored/>
  </testcase> <!-- checkoutLabelTest -->
</testsuite> <!-- Test(failed) -->
