<?xml version="1.0" encoding="UTF-8"?>
<!-- Generated by org.testng.reporters.JUnitReportReporter -->
<testsuite hostname="DESKTOP-URDLST5" failures="0" tests="13" name="TestCases.OverviewPageTest" time="137.119" errors="1" timestamp="2022-10-23T16:03:02 IST" skipped="0">
  <testcase classname="TestCases.OverviewPageTest" name="verifyCheckoutTest" time="11.123"/>
  <system-out/>
  <testcase classname="TestCases.OverviewPageTest" name="verifyDescriptionTextTest" time="11.439"/>
  <system-out/>
  <testcase classname="TestCases.OverviewPageTest" name="verifySauceCardNoTest" time="8.016"/>
  <system-out/>
  <testcase classname="TestCases.OverviewPageTest" name="verifyFreePonyExpTest" time="26.924"/>
  <system-out/>
  <testcase classname="TestCases.OverviewPageTest" name="verifyFinishBtnTest" time="8.757"/>
  <system-out/>
  <testcase classname="TestCases.OverviewPageTest" name="verifyCancelBtnTest" time="7.327"/>
  <system-out/>
  <testcase classname="TestCases.OverviewPageTest" name="verifyQTYTextTest" time="7.018">
    <error message="element click intercepted: Element &lt;button class=&quot;btn btn_primary btn_small btn_inventory&quot; data-test=&quot;add-to-cart-sauce-labs-backpack&quot; id=&quot;add-to-cart-sauce-labs-backpack&quot; name=&quot;add-to-cart-sauce-labs-backpack&quot;&gt;...&lt;/button&gt; is not clickable at point (559, 596). Other element would receive the click: &lt;div class=&quot;inventory_item_description&quot;&gt;...&lt;/div&gt;
  (Session info: chrome=106.0.5249.119)
Build info: version: &#039;4.0.0&#039;, revision: &#039;3a21814679&#039;
System info: host: &#039;DESKTOP-URDLST5&#039;, ip: &#039;192.168.1.4&#039;, os.name: &#039;Windows 10&#039;, os.arch: &#039;amd64&#039;, os.version: &#039;10.0&#039;, java.version: &#039;18.0.2.1&#039;
Driver info: org.openqa.selenium.chrome.ChromeDriver
Command: [43d37a46baa649d4d2fbf753bc67e847, clickElement {id=d9fc727e-5a26-48b4-95ae-bf77c599c34a}]
Capabilities {acceptInsecureCerts: false, browserName: chrome, browserVersion: 106.0.5249.119, chrome: {chromedriverVersion: 106.0.5249.61 (511755355844..., userDataDir: C:\Users\SHITAL\AppData\Loc...}, goog:chromeOptions: {debuggerAddress: localhost:62373}, javascriptEnabled: true, networkConnectionEnabled: false, pageLoadStrategy: normal, platform: WINDOWS, platformName: WINDOWS, proxy: Proxy(), se:cdp: ws://localhost:62373/devtoo..., se:cdpVersion: 106.0.5249.119, setWindowRect: true, strictFileInteractability: false, timeouts: {implicit: 0, pageLoad: 300000, script: 30000}, unhandledPromptBehavior: dismiss and notify, webauthn:extension:credBlob: true, webauthn:extension:largeBlob: true, webauthn:virtualAuthenticators: true}
Element: [[ChromeDriver: chrome on WINDOWS (43d37a46baa649d4d2fbf753bc67e847)] -&gt; xpath: //button[@id=&#039;add-to-cart-sauce-labs-backpack&#039;]]
Session ID: 43d37a46baa649d4d2fbf753bc67e847" type="org.openqa.selenium.ElementClickInterceptedException">
      <![CDATA[org.openqa.selenium.ElementClickInterceptedException: element click intercepted: Element <button class="btn btn_primary btn_small btn_inventory" data-test="add-to-cart-sauce-labs-backpack" id="add-to-cart-sauce-labs-backpack" name="add-to-cart-sauce-labs-backpack">...</button> is not clickable at point (559, 596). Other element would receive the click: <div class="inventory_item_description">...</div>
  (Session info: chrome=106.0.5249.119)
Build info: version: '4.0.0', revision: '3a21814679'
System info: host: 'DESKTOP-URDLST5', ip: '192.168.1.4', os.name: 'Windows 10', os.arch: 'amd64', os.version: '10.0', java.version: '18.0.2.1'
Driver info: org.openqa.selenium.chrome.ChromeDriver
Command: [43d37a46baa649d4d2fbf753bc67e847, clickElement {id=d9fc727e-5a26-48b4-95ae-bf77c599c34a}]
Capabilities {acceptInsecureCerts: false, browserName: chrome, browserVersion: 106.0.5249.119, chrome: {chromedriverVersion: 106.0.5249.61 (511755355844..., userDataDir: C:\Users\SHITAL\AppData\Loc...}, goog:chromeOptions: {debuggerAddress: localhost:62373}, javascriptEnabled: true, networkConnectionEnabled: false, pageLoadStrategy: normal, platform: WINDOWS, platformName: WINDOWS, proxy: Proxy(), se:cdp: ws://localhost:62373/devtoo..., se:cdpVersion: 106.0.5249.119, setWindowRect: true, strictFileInteractability: false, timeouts: {implicit: 0, pageLoad: 300000, script: 30000}, unhandledPromptBehavior: dismiss and notify, webauthn:extension:credBlob: true, webauthn:extension:largeBlob: true, webauthn:virtualAuthenticators: true}
Element: [[ChromeDriver: chrome on WINDOWS (43d37a46baa649d4d2fbf753bc67e847)] -> xpath: //button[@id='add-to-cart-sauce-labs-backpack']]
Session ID: 43d37a46baa649d4d2fbf753bc67e847
at java.base/jdk.internal.reflect.DirectConstructorHandleAccessor.newInstance(DirectConstructorHandleAccessor.java:67)
at java.base/java.lang.reflect.Constructor.newInstanceWithCaller(Constructor.java:499)
at java.base/java.lang.reflect.Constructor.newInstance(Constructor.java:483)
at org.openqa.selenium.remote.codec.w3c.W3CHttpResponseCodec.createException(W3CHttpResponseCodec.java:200)
at org.openqa.selenium.remote.codec.w3c.W3CHttpResponseCodec.decode(W3CHttpResponseCodec.java:133)
at org.openqa.selenium.remote.codec.w3c.W3CHttpResponseCodec.decode(W3CHttpResponseCodec.java:53)
at org.openqa.selenium.remote.HttpCommandExecutor.execute(HttpCommandExecutor.java:184)
at org.openqa.selenium.remote.service.DriverCommandExecutor.invokeExecute(DriverCommandExecutor.java:164)
at org.openqa.selenium.remote.service.DriverCommandExecutor.execute(DriverCommandExecutor.java:139)
at org.openqa.selenium.remote.RemoteWebDriver.execute(RemoteWebDriver.java:559)
at org.openqa.selenium.remote.RemoteWebElement.execute(RemoteWebElement.java:251)
at org.openqa.selenium.remote.RemoteWebElement.click(RemoteWebElement.java:77)
at java.base/jdk.internal.reflect.DirectMethodHandleAccessor.invoke(DirectMethodHandleAccessor.java:104)
at java.base/java.lang.reflect.Method.invoke(Method.java:577)
at org.openqa.selenium.support.pagefactory.internal.LocatingElementHandler.invoke(LocatingElementHandler.java:52)
at jdk.proxy2/jdk.proxy2.$Proxy16.click(Unknown Source)
at Pages.InventoryPage.add6Product(InventoryPage.java:62)
at TestCases.OverviewPageTest.verifyQTYTextTest(OverviewPageTest.java:59)
at java.base/jdk.internal.reflect.DirectMethodHandleAccessor.invoke(DirectMethodHandleAccessor.java:104)
at java.base/java.lang.reflect.Method.invoke(Method.java:577)
at org.testng.internal.invokers.MethodInvocationHelper.invokeMethod(MethodInvocationHelper.java:135)
at org.testng.internal.invokers.TestInvoker.invokeMethod(TestInvoker.java:673)
at org.testng.internal.invokers.TestInvoker.invokeTestMethod(TestInvoker.java:220)
at org.testng.internal.invokers.MethodRunner.runInSequence(MethodRunner.java:50)
at org.testng.internal.invokers.TestInvoker$MethodInvocationAgent.invoke(TestInvoker.java:945)
at org.testng.internal.invokers.TestInvoker.invokeTestMethods(TestInvoker.java:193)
at org.testng.internal.invokers.TestMethodWorker.invokeTestMethods(TestMethodWorker.java:146)
at org.testng.internal.invokers.TestMethodWorker.run(TestMethodWorker.java:128)
at java.base/java.util.ArrayList.forEach(ArrayList.java:1511)
at org.testng.TestRunner.privateRun(TestRunner.java:808)
at org.testng.TestRunner.run(TestRunner.java:603)
at org.testng.SuiteRunner.runTest(SuiteRunner.java:429)
at org.testng.SuiteRunner.runSequentially(SuiteRunner.java:423)
at org.testng.SuiteRunner.privateRun(SuiteRunner.java:383)
at org.testng.SuiteRunner.run(SuiteRunner.java:326)
at org.testng.SuiteRunnerWorker.runSuite(SuiteRunnerWorker.java:52)
at org.testng.SuiteRunnerWorker.run(SuiteRunnerWorker.java:95)
at org.testng.TestNG.runSuitesSequentially(TestNG.java:1249)
at org.testng.TestNG.runSuitesLocally(TestNG.java:1169)
at org.testng.TestNG.runSuites(TestNG.java:1092)
at org.testng.TestNG.run(TestNG.java:1060)
at org.testng.remote.AbstractRemoteTestNG.run(AbstractRemoteTestNG.java:115)
at org.testng.remote.RemoteTestNG.initAndRun(RemoteTestNG.java:251)
at org.testng.remote.RemoteTestNG.main(RemoteTestNG.java:77)
]]>
    </error>
  </testcase> <!-- verifyQTYTextTest -->
  <system-out/>
  <testcase classname="TestCases.OverviewPageTest" name="verifyPaymentInfoTextTest" time="10.311"/>
  <system-out/>
  <testcase classname="TestCases.OverviewPageTest" name="verifyShippingInfoTextTest" time="11.320"/>
  <system-out/>
  <testcase classname="TestCases.OverviewPageTest" name="verifyTaxAmountTextTest" time="9.753"/>
  <system-out/>
  <testcase classname="TestCases.OverviewPageTest" name="verifyAppLogoTest" time="7.594"/>
  <system-out/>
  <testcase classname="TestCases.OverviewPageTest" name="verifyItemTotalAmountTextTest" time="9.292"/>
  <system-out/>
  <testcase classname="TestCases.OverviewPageTest" name="verifyTotalAmountTextTest" time="8.245"/>
  <system-out/>
</testsuite> <!-- TestCases.OverviewPageTest -->
